CREATE EXTENSION IF NOT EXISTS iceberg_catalog;
NOTICE:  extension "iceberg_catalog" already exists in schema "public", skipping
CREATE EXTENSION
CREATE EXTENSION IF NOT EXISTS iceberg_fdw;
NOTICE:  extension "iceberg_fdw" already exists in schema "public", skipping
CREATE EXTENSION
CREATE SERVER iceberg_managed_srv
FOREIGN DATA WRAPPER iceberg_fdw
OPTIONS (
    warehouse 'file:///tmp/iceberg_fdw_regress'
);
CREATE SERVER
CREATE FOREIGN TABLE managed_orders (
    order_id bigint NOT NULL,
    user_id integer,
    small_status smallint,
    status varchar(32),
    note text,
    code char(4),
    embedding vector(3)
)
SERVER iceberg_managed_srv
OPTIONS (
    namespace 'regress_ns',
    table_name 'orders'
);
ERROR:  duplicate key value violates unique constraint "tables_internal_pkey"
DETAIL:  Key (namespace, table_name)=(regress_ns, orders) already exists.
CONTEXT:  SQL statement "INSERT INTO iceberg_catalog.tables_internal(relid, namespace, table_name, table_uuid, metadata_location, previous_metadata_location, table_location, last_column_id, current_schema_id, current_snapshot_id, default_spec_id) VALUES (18594::oid::regclass, 'regress_ns', 'orders', '00000000-0000-0000-0000-000000018594'::uuid, 'file:///tmp/iceberg_fdw_regress/regress_ns/orders/metadata/00000-00000000-0000-0000-0000-000000018594.metadata.json', NULL, 'file:///tmp/iceberg_fdw_regress/regress_ns/orders', 7, 0, NULL, 0)"
SELECT count(*) AS created_pg_class_rows
FROM pg_class
WHERE relname = 'managed_orders';
 created_pg_class_rows
-----------------------
                     0
(1 row)

SELECT count(*) AS created_catalog_rows
FROM iceberg_catalog.tables_internal
WHERE relid = 'managed_orders'::regclass;
ERROR:  relation "managed_orders" does not exist
LINE 3: WHERE relid = 'managed_orders'::regclass;
                      ^
SELECT namespace, table_name, table_location, current_schema_id, current_snapshot_id IS NULL AS snapshot_is_null
FROM iceberg_catalog.tables_internal
WHERE relid = 'managed_orders'::regclass;
ERROR:  relation "managed_orders" does not exist
LINE 3: WHERE relid = 'managed_orders'::regclass;
                      ^
SELECT field_position, field_id, field_name, field_required, field_type
FROM iceberg_catalog.table_schemas
WHERE table_uuid = (
    SELECT table_uuid FROM iceberg_catalog.tables_internal WHERE relid = 'managed_orders'::regclass
)
ORDER BY field_position;
ERROR:  relation "managed_orders" does not exist
LINE 4: ...ROM iceberg_catalog.tables_internal WHERE relid = 'managed_o...
                                                             ^
SELECT spec_id, field_position, field_id IS NULL AS field_id_is_null
FROM iceberg_catalog.partition_specs
WHERE table_uuid = (
    SELECT table_uuid FROM iceberg_catalog.tables_internal WHERE relid = 'managed_orders'::regclass
)
ORDER BY spec_id, field_position;
ERROR:  relation "managed_orders" does not exist
LINE 4: ...ROM iceberg_catalog.tables_internal WHERE relid = 'managed_o...
                                                             ^
DO $$
BEGIN
    BEGIN
        CREATE FOREIGN TABLE managed_bad_path (
            id int
        )
        SERVER iceberg_managed_srv
        OPTIONS (
            namespace 'regress_ns',
            table_name 'bad_path',
            metadata_location 'file:///tmp/external.metadata.json'
        );
    EXCEPTION WHEN OTHERS THEN
        RAISE NOTICE 'bad_path rejected: %', SQLERRM;
    END;
END
$$;
NOTICE:  bad_path rejected: iceberg_fdw option "metadata_location" is not supported for managed Iceberg tables
ANONYMOUS BLOCK EXECUTE
SELECT count(*) AS bad_path_catalog_rows
FROM iceberg_catalog.tables_internal
WHERE namespace = 'regress_ns' AND table_name = 'bad_path';
 bad_path_catalog_rows
-----------------------
                     0
(1 row)

DO $$
BEGIN
    BEGIN
        CREATE FOREIGN TABLE managed_missing_option (
            id int
        )
        SERVER iceberg_managed_srv
        OPTIONS (
            namespace 'regress_ns'
        );
    EXCEPTION WHEN OTHERS THEN
        RAISE NOTICE 'missing option rejected: %', SQLERRM;
    END;
END
$$;
NOTICE:  missing option rejected: iceberg_fdw option "table_name" is required for managed Iceberg tables
ANONYMOUS BLOCK EXECUTE
DO $$
BEGIN
    BEGIN
        CREATE FOREIGN TABLE managed_bad_type (
            amount numeric(10, 2)
        )
        SERVER iceberg_managed_srv
        OPTIONS (
            namespace 'regress_ns',
            table_name 'bad_type'
        );
    EXCEPTION WHEN OTHERS THEN
        RAISE NOTICE 'bad_type rejected: %', SQLERRM;
    END;
END
$$;
NOTICE:  bad_type rejected: iceberg_fdw column "amount" type numeric is not supported for managed Iceberg tables
ANONYMOUS BLOCK EXECUTE
SELECT count(*) AS bad_type_catalog_rows
FROM iceberg_catalog.tables_internal
WHERE namespace = 'regress_ns' AND table_name = 'bad_type';
 bad_type_catalog_rows
-----------------------
                     0
(1 row)

DO $$
BEGIN
    BEGIN
        CREATE FOREIGN TABLE managed_bad_vector (
            embedding vector
        )
        SERVER iceberg_managed_srv
        OPTIONS (
            namespace 'regress_ns',
            table_name 'bad_vector'
        );
    EXCEPTION WHEN OTHERS THEN
        RAISE NOTICE 'bad_vector rejected: %', SQLERRM;
    END;
END
$$;
NOTICE:  bad_vector rejected: iceberg_fdw column "embedding" uses vector without fixed dimension
ANONYMOUS BLOCK EXECUTE
SELECT count(*) AS bad_vector_catalog_rows
FROM iceberg_catalog.tables_internal
WHERE namespace = 'regress_ns' AND table_name = 'bad_vector';
 bad_vector_catalog_rows
-------------------------
                       0
(1 row)

DROP FOREIGN TABLE IF EXISTS managed_rollback;
NOTICE:  foreign table "managed_rollback" does not exist, skipping
DROP FOREIGN TABLE
DROP FOREIGN TABLE IF EXISTS managed_cascade_orders;
NOTICE:  foreign table "managed_cascade_orders" does not exist, skipping
DROP FOREIGN TABLE
BEGIN;
BEGIN
CREATE FOREIGN TABLE managed_rollback (
    id int
)
SERVER iceberg_managed_srv
OPTIONS (
    namespace 'regress_ns',
    table_name 'rollback_tbl'
);
CREATE FOREIGN TABLE
ROLLBACK;
ROLLBACK
SELECT count(*) AS rollback_catalog_rows
FROM iceberg_catalog.tables_internal
WHERE namespace = 'regress_ns' AND table_name = 'rollback_tbl';
 rollback_catalog_rows
-----------------------
                     0
(1 row)

CREATE SERVER iceberg_cascade_srv
FOREIGN DATA WRAPPER iceberg_fdw
OPTIONS (
    warehouse 'file:///tmp/iceberg_fdw_regress'
);
CREATE SERVER
CREATE FOREIGN TABLE managed_cascade_orders (
    id int
)
SERVER iceberg_cascade_srv
OPTIONS (
    namespace 'regress_ns',
    table_name 'cascade_orders'
);
CREATE FOREIGN TABLE
CREATE TEMP TABLE managed_cascade_uuid AS
SELECT table_uuid
FROM iceberg_catalog.tables_internal
WHERE relid = 'managed_cascade_orders'::regclass;
INSERT 0 1
DROP SERVER iceberg_cascade_srv CASCADE;
NOTICE:  drop cascades to foreign table managed_cascade_orders
DROP SERVER
SELECT count(*) AS cascade_pg_class_rows
FROM pg_class
WHERE relname = 'managed_cascade_orders';
 cascade_pg_class_rows
-----------------------
                     0
(1 row)

SELECT count(*) AS cascade_catalog_rows
FROM iceberg_catalog.tables_internal
WHERE namespace = 'regress_ns' AND table_name = 'cascade_orders';
 cascade_catalog_rows
----------------------
                    0
(1 row)

SELECT count(*) AS cascade_schema_rows
FROM iceberg_catalog.table_schemas s
JOIN managed_cascade_uuid u ON s.table_uuid = u.table_uuid;
 cascade_schema_rows
---------------------
                   0
(1 row)

SELECT count(*) AS cascade_spec_rows
FROM iceberg_catalog.partition_specs p
JOIN managed_cascade_uuid u ON p.table_uuid = u.table_uuid;
 cascade_spec_rows
-------------------
                 0
(1 row)

CREATE TEMP TABLE managed_orders_uuid AS
SELECT table_uuid
FROM iceberg_catalog.tables_internal
WHERE relid = 'managed_orders'::regclass;
ERROR:  relation "managed_orders" does not exist
LINE 4: WHERE relid = 'managed_orders'::regclass;
                      ^
DROP FOREIGN TABLE managed_orders;
ERROR:  relation "managed_orders" does not exist
SELECT count(*) AS dropped_pg_class_rows
FROM pg_class
WHERE relname = 'managed_orders';
 dropped_pg_class_rows
-----------------------
                     0
(1 row)

SELECT count(*) AS dropped_catalog_rows
FROM iceberg_catalog.tables_internal
WHERE namespace = 'regress_ns' AND table_name = 'orders';
 dropped_catalog_rows
----------------------
                    1
(1 row)

SELECT count(*) AS dropped_schema_rows
FROM iceberg_catalog.table_schemas s
JOIN managed_orders_uuid u ON s.table_uuid = u.table_uuid;
ERROR:  relation "managed_orders_uuid" does not exist on gaussdb
LINE 3: JOIN managed_orders_uuid u ON s.table_uuid = u.table_uuid;
             ^
SELECT count(*) AS dropped_spec_rows
FROM iceberg_catalog.partition_specs p
JOIN managed_orders_uuid u ON p.table_uuid = u.table_uuid;
ERROR:  relation "managed_orders_uuid" does not exist on gaussdb
LINE 3: JOIN managed_orders_uuid u ON p.table_uuid = u.table_uuid;
             ^
DROP SERVER iceberg_managed_srv;
DROP SERVER
