CREATE EXTENSION IF NOT EXISTS iceberg_catalog;
NOTICE:  extension "iceberg_catalog" already exists in schema "public", skipping
CREATE EXTENSION
CREATE EXTENSION IF NOT EXISTS iceberg_fdw;
NOTICE:  extension "iceberg_fdw" already exists in schema "public", skipping
CREATE EXTENSION
DROP SERVER IF EXISTS iceberg_scan_srv CASCADE;
NOTICE:  server "iceberg_scan_srv" does not exist, skipping
DROP SERVER
DROP FOREIGN TABLE IF EXISTS managed_scan_table;
NOTICE:  foreign table "managed_scan_table" does not exist, skipping
DROP FOREIGN TABLE
CREATE SERVER iceberg_scan_srv
FOREIGN DATA WRAPPER iceberg_fdw
OPTIONS (
    warehouse 'file:///tmp/iceberg_fdw_regress'
);
CREATE SERVER
CREATE FOREIGN TABLE managed_scan_table (
    c_smallint smallint,
    c_integer integer,
    c_bigint bigint,
    c_text text,
    c_varchar varchar(32),
    c_bpchar char(4),
    c_vector vector(3)
)
SERVER iceberg_scan_srv
OPTIONS (
    namespace 'scan_ns',
    table_name 'scan_table'
);
CREATE FOREIGN TABLE
SELECT field_name, field_type
FROM iceberg_catalog.table_schemas
WHERE table_uuid = (
    SELECT table_uuid
    FROM iceberg_catalog.tables_internal
    WHERE relid = 'managed_scan_table'::regclass
)
ORDER BY field_position;
 field_name | field_type  
------------+-------------
 c_smallint | int
 c_integer  | int
 c_bigint   | long
 c_text     | string
 c_varchar  | string
 c_bpchar   | string
 c_vector   | list<float>
(7 rows)

EXPLAIN (VERBOSE, COSTS OFF)
SELECT c_smallint, c_integer, c_bigint, c_text, c_varchar, c_bpchar::text, vector_dims(c_vector), c_vector::text
FROM managed_scan_table;
                                                       QUERY PLAN                                                        
-------------------------------------------------------------------------------------------------------------------------
 Foreign Scan on public.managed_scan_table
   Output: c_smallint, c_integer, c_bigint, c_text, c_varchar, (c_bpchar)::text, vector_dims(c_vector), (c_vector)::text
   Iceberg FDW: mock full scan
   Iceberg Table UUID: mock-1
   Iceberg Metadata: mock://relation/1
   Projection Columns: c_smallint,c_integer,c_bigint,c_text,c_varchar,c_bpchar,c_vector
   Delta Scan: disabled
   SDK Filter: none
(8 rows)

SELECT c_smallint, c_integer, c_bigint, c_text, c_varchar, c_bpchar::text AS c_bpchar_text,
       vector_dims(c_vector) AS c_vector_dims, c_vector::text AS c_vector_text
FROM managed_scan_table;
 c_smallint | c_integer |      c_bigint      |    c_text    |    c_varchar    | c_bpchar_text | c_vector_dims | c_vector_text 
------------+-----------+--------------------+--------------+-----------------+---------------+---------------+---------------
          7 |        42 | 922337203685477580 | iceberg text | iceberg varchar | ABCD          |             3 | [1,2,3]
(1 row)

SELECT count(*) AS qual_match_rows
FROM managed_scan_table
WHERE c_integer = 42;
 qual_match_rows 
-----------------
               1
(1 row)

SELECT count(*) AS qual_miss_rows
FROM managed_scan_table
WHERE c_integer = 41;
 qual_miss_rows 
----------------
              0
(1 row)

DROP SERVER iceberg_scan_srv CASCADE;
NOTICE:  drop cascades to foreign table managed_scan_table
DROP SERVER
total time: 16  ms
